<?xml version="1.0" encoding="UTF-8"?>
<Site BuildName="Linux-g++"
	BuildStamp="20221208-0740-Experimental"
	Name="ecosense-VirtualBox"
	Generator="ctest-3.10.2"
	CompilerName="/usr/bin/g++"
	CompilerVersion="7.5.0"
	OSName="Linux"
	Hostname="ecosense-VirtualBox"
	OSRelease="5.4.0-132-generic"
	OSVersion="#148~18.04.1-Ubuntu SMP Mon Oct 24 20:41:14 UTC 2022"
	OSPlatform="x86_64"
	Is64Bits="1"
	VendorString="AuthenticAMD"
	VendorID="Advanced Micro Devices"
	FamilyID="23"
	ModelID="113"
	ProcessorCacheSize="512"
	NumberOfLogicalCPU="6"
	NumberOfPhysicalCPU="6"
	TotalVirtualMemory="2047"
	TotalPhysicalMemory="7956"
	LogicalProcessorsPerPhysical="1"
	ProcessorClockFrequency="3600.2"
	>
	<Testing>
		<StartDateTime>Dec 08 16:40 KST</StartDateTime>
		<StartTestTime>1670485254</StartTestTime>
		<TestList/>
		<EndDateTime>Dec 08 16:40 KST</EndDateTime>
		<EndTestTime>1670485254</EndTestTime>
		<ElapsedMinutes>0</ElapsedMinutes>
	</Testing>
</Site>
